<?xml version="1.0" encoding="UTF-8"?>
<!-- Generated by org.testng.reporters.JUnitReportReporter -->
<testsuite hostname="DESKTOP-M51VE3S" name="com.masteringrestassured.api.tests._01_Get_Random_UserId_And_Print_Out_Email_Address" tests="1" failures="0" timestamp="17 Jun 2018 12:52:14 GMT" time="9.306" errors="0">
  <testcase name="getTest" time="9.306" classname="com.masteringrestassured.api.tests._01_Get_Random_UserId_And_Print_Out_Email_Address"/>
</testsuite> <!-- com.masteringrestassured.api.tests._01_Get_Random_UserId_And_Print_Out_Email_Address -->
