<?xml version="1.0" encoding="UTF-8"?>
<!-- Generated by org.testng.reporters.JUnitReportReporter -->
<testsuite hostname="DESKTOP-M51VE3S" name="com.masteringrestassured.api.tests._01_Get_Random_User_Id_Print_Out_Its_Email_Address_To_Console" tests="1" failures="0" timestamp="17 Jun 2018 10:32:47 GMT" time="1.631" errors="1">
  <testcase name="Get_Random_UserId_Print_Out_Email_Address_To_Console" time="1.631" classname="com.masteringrestassured.api.tests._01_Get_Random_User_Id_Print_Out_Its_Email_Address_To_Console">
    <error type="java.lang.ClassCastException" message="java.util.ArrayList cannot be cast to java.lang.String">
      <![CDATA[java.lang.ClassCastException: java.util.ArrayList cannot be cast to java.lang.String
	at com.masteringrestassured.api.tests._01_Get_Random_User_Id_Print_Out_Its_Email_Address_To_Console.Get_Random_UserId_Print_Out_Email_Address_To_Console(_01_Get_Random_User_Id_Print_Out_Its_Email_Address_To_Console.java:33)
	at sun.reflect.NativeMethodAccessorImpl.invoke0(Native Method)
	at sun.reflect.NativeMethodAccessorImpl.invoke(NativeMethodAccessorImpl.java:62)
	at sun.reflect.DelegatingMethodAccessorImpl.invoke(DelegatingMethodAccessorImpl.java:43)
	at java.lang.reflect.Method.invoke(Method.java:498)
	at org.testng.internal.MethodInvocationHelper.invokeMethod(MethodInvocationHelper.java:85)
	at org.testng.internal.Invoker.invokeMethod(Invoker.java:659)
	at org.testng.internal.Invoker.invokeTestMethod(Invoker.java:845)
	at org.testng.internal.Invoker.invokeTestMethods(Invoker.java:1153)
	at org.testng.internal.TestMethodWorker.invokeTestMethods(TestMethodWorker.java:125)
	at org.testng.internal.TestMethodWorker.run(TestMethodWorker.java:108)
	at org.testng.TestRunner.privateRun(TestRunner.java:771)
	at org.testng.TestRunner.run(TestRunner.java:621)
	at org.testng.SuiteRunner.runTest(SuiteRunner.java:357)
	at org.testng.SuiteRunner.runSequentially(SuiteRunner.java:352)
	at org.testng.SuiteRunner.privateRun(SuiteRunner.java:310)
	at org.testng.SuiteRunner.run(SuiteRunner.java:259)
	at org.testng.SuiteRunnerWorker.runSuite(SuiteRunnerWorker.java:52)
	at org.testng.SuiteRunnerWorker.run(SuiteRunnerWorker.java:86)
	at org.testng.TestNG.runSuitesSequentially(TestNG.java:1199)
	at org.testng.TestNG.runSuitesLocally(TestNG.java:1124)
	at org.testng.TestNG.run(TestNG.java:1032)
	at org.testng.remote.AbstractRemoteTestNG.run(AbstractRemoteTestNG.java:114)
	at org.testng.remote.RemoteTestNG.initAndRun(RemoteTestNG.java:251)
	at org.testng.remote.RemoteTestNG.main(RemoteTestNG.java:77)
]]>
    </error>
  </testcase> <!-- Get_Random_UserId_Print_Out_Email_Address_To_Console -->
</testsuite> <!-- com.masteringrestassured.api.tests._01_Get_Random_User_Id_Print_Out_Its_Email_Address_To_Console -->
