<?xml version="1.0" encoding="UTF-8"?>
<!-- Generated by org.testng.reporters.JUnitReportReporter -->
<testsuite hostname="DESKTOP-M51VE3S" name="com.masteringrestassured.api.tests._03_Post_Test" tests="1" failures="0" timestamp="17 Jun 2018 13:24:57 GMT" time="1.844" errors="0">
  <testcase name="postTest_RegistrationSuccessful" time="1.844" classname="com.masteringrestassured.api.tests._03_Post_Test"/>
</testsuite> <!-- com.masteringrestassured.api.tests._03_Post_Test -->
