<?xml version="1.0" encoding="UTF-8"?>
<!-- Generated by org.testng.reporters.JUnitReportReporter -->
<testsuite skipped="0" hostname="Marks-MacBook-Pro.local" name="_01_com.masteringrestassured.api.tests.get._01_Get_Random_UserId_And_Print_Out_Email_Address" tests="1" failures="0" timestamp="2021-01-18T20:52:07 GMT" time="2.593" errors="0">
  <testcase name="getRandomUserIdAndPrintOutEmailAddress" time="2.593" classname="_01_com.masteringrestassured.api.tests.get._01_Get_Random_UserId_And_Print_Out_Email_Address"/>
  <system-out/>
</testsuite> <!-- _01_com.masteringrestassured.api.tests.get._01_Get_Random_UserId_And_Print_Out_Email_Address -->
