<?xml version="1.0" encoding="UTF-8"?>
<!-- Generated by org.testng.reporters.JUnitReportReporter -->
<testsuite hostname="DESKTOP-M51VE3S" name="com.masteringrestassured.api.tests._02_Get_UserId_Posts_And_Validate_The_Returned_PostId_No_Range" tests="1" failures="0" timestamp="17 Jun 2018 13:03:33 GMT" time="8.638" errors="0">
  <testcase name="getTest" time="8.638" classname="com.masteringrestassured.api.tests._02_Get_UserId_Posts_And_Validate_The_Returned_PostId_No_Range"/>
</testsuite> <!-- com.masteringrestassured.api.tests._02_Get_UserId_Posts_And_Validate_The_Returned_PostId_No_Range -->
