<?xml version="1.0" encoding="UTF-8"?>
<!-- Generated by org.testng.reporters.JUnitReportReporter -->
<testsuite hostname="DESKTOP-M51VE3S" name="SimpleGetTest" tests="1" failures="0" timestamp="17 Jun 2018 10:00:01 GMT" time="1.777" errors="0">
  <testcase name="Get_Random_UserId_Print_Out_Email_Address_To_Console" time="1.777" classname="SimpleGetTest"/>
</testsuite> <!-- SimpleGetTest -->
