<?xml version="1.0" encoding="UTF-8"?>
<!-- Generated by org.testng.reporters.JUnitReportReporter -->
<testsuite hostname="DESKTOP-M51VE3S" name="com.masteringrestassured.api.tests._01_Get_Test" tests="1" failures="0" timestamp="17 Jun 2018 11:20:04 GMT" time="2.259" errors="0">
  <testcase name="Get_Random_UserId_Print_Out_Email_Address" time="2.259" classname="com.masteringrestassured.api.tests._01_Get_Test"/>
</testsuite> <!-- com.masteringrestassured.api.tests._01_Get_Test -->
