<?xml version="1.0" encoding="UTF-8"?>
<!-- Generated by org.testng.reporters.JUnitReportReporter -->
<testsuite hostname="DESKTOP-M51VE3S" name="com.masteringrestassured.api.tests._02_Get_Test" tests="1" failures="0" timestamp="17 Jun 2018 11:51:50 GMT" time="2.194" errors="0">
  <testcase name="Get_UserId2s_Posts_And_Validate_The_Returned_PostId_No_Range" time="2.194" classname="com.masteringrestassured.api.tests._02_Get_Test"/>
</testsuite> <!-- com.masteringrestassured.api.tests._02_Get_Test -->
