<?xml version="1.0" encoding="UTF-8"?>
<!-- Generated by org.testng.reporters.JUnitReportReporter -->
<testsuite skipped="0" hostname="Marks-MacBook-Pro.local" name="_01_com.masteringrestassured.api.tests.get._01_Get_Random_UserId_And_Print_Out_Email_Address" tests="1" failures="0" timestamp="13 Jun 2019 21:30:22 GMT" time="2.575" errors="0">
  <testcase name="getRandomUserIdAndPrintOutEmailAddress" time="2.575" classname="_01_com.masteringrestassured.api.tests.get._01_Get_Random_UserId_And_Print_Out_Email_Address"/>
</testsuite> <!-- _01_com.masteringrestassured.api.tests.get._01_Get_Random_UserId_And_Print_Out_Email_Address -->
